{"C:\\Users\\Hp\\Desktop\\LiderlikTablosuProjesi\\leaderboard-backend\\src\\app.ts": {"path":"C:\\Users\\Hp\\Desktop\\LiderlikTablosuProjesi\\leaderboard-backend\\src\\app.ts","statementMap":{"0":{"start":{"line":1,"column":0},"end":{"line":1,"column":67}},"1":{"start":{"line":2,"column":0},"end":{"line":2,"column":72}},"2":{"start":{"line":3,"column":0},"end":{"line":3,"column":43}},"3":{"start":{"line":6,"column":19},"end":{"line":10,"column":2}},"4":{"start":{"line":12,"column":18},"end":{"line":45,"column":1}},"5":{"start":{"line":13,"column":14},"end":{"line":13,"column":23}},"6":{"start":{"line":14,"column":2},"end":{"line":14,"column":26}},"7":{"start":{"line":16,"column":2},"end":{"line":16,"column":31}},"8":{"start":{"line":19,"column":2},"end":{"line":19,"column":69}},"9":{"start":{"line":22,"column":2},"end":{"line":25,"column":4}},"10":{"start":{"line":28,"column":2},"end":{"line":28,"column":73}},"11":{"start":{"line":31,"column":2},"end":{"line":31,"column":72}},"12":{"start":{"line":34,"column":2},"end":{"line":34,"column":65}},"13":{"start":{"line":37,"column":2},"end":{"line":42,"column":5}},"14":{"start":{"line":38,"column":4},"end":{"line":38,"column":29}},"15":{"start":{"line":39,"column":4},"end":{"line":41,"column":70}},"16":{"start":{"line":44,"column":2},"end":{"line":44,"column":13}},"17":{"start":{"line":47,"column":0},"end":{"line":47,"column":25}}},"fnMap":{"0":{"name":"(anonymous_1)","decl":{"start":{"line":12,"column":18},"end":{"line":12,"column":21}},"loc":{"start":{"line":12,"column":23},"end":{"line":45,"column":1}}},"1":{"name":"(anonymous_2)","decl":{"start":{"line":37,"column":10},"end":{"line":37,"column":11}},"loc":{"start":{"line":37,"column":76},"end":{"line":42,"column":3}}}},"branchMap":{},"s":{"0":1,"1":1,"2":1,"3":1,"4":1,"5":1,"6":1,"7":1,"8":1,"9":1,"10":1,"11":1,"12":1,"13":1,"14":0,"15":0,"16":1,"17":1},"f":{"0":1,"1":0},"b":{}}
,"C:\\Users\\Hp\\Desktop\\LiderlikTablosuProjesi\\leaderboard-backend\\src\\config\\database.ts": {"path":"C:\\Users\\Hp\\Desktop\\LiderlikTablosuProjesi\\leaderboard-backend\\src\\config\\database.ts","statementMap":{"0":{"start":{"line":1,"column":0},"end":{"line":1,"column":38}},"1":{"start":{"line":2,"column":0},"end":{"line":2,"column":28}},"2":{"start":{"line":5,"column":0},"end":{"line":5,"column":16}},"3":{"start":{"line":8,"column":18},"end":{"line":17,"column":null}},"4":{"start":{"line":21,"column":33},"end":{"line":31,"column":1}},"5":{"start":{"line":22,"column":2},"end":{"line":30,"column":3}},"6":{"start":{"line":23,"column":4},"end":{"line":23,"column":35}},"7":{"start":{"line":24,"column":4},"end":{"line":24,"column":46}},"8":{"start":{"line":27,"column":4},"end":{"line":27,"column":27}},"9":{"start":{"line":29,"column":4},"end":{"line":29,"column":61}},"10":{"start":{"line":21,"column":13},"end":{"line":21,"column":33}},"11":{"start":{"line":33,"column":0},"end":{"line":33,"column":25}}},"fnMap":{"0":{"name":"(anonymous_1)","decl":{"start":{"line":21,"column":33},"end":{"line":21,"column":38}},"loc":{"start":{"line":21,"column":44},"end":{"line":31,"column":1}}}},"branchMap":{"0":{"loc":{"start":{"line":9,"column":2},"end":{"line":9,"column":41}},"type":"binary-expr","locations":[{"start":{"line":9,"column":2},"end":{"line":9,"column":21}},{"start":{"line":9,"column":25},"end":{"line":9,"column":41}}]},"1":{"loc":{"start":{"line":10,"column":2},"end":{"line":10,"column":31}},"type":"binary-expr","locations":[{"start":{"line":10,"column":2},"end":{"line":10,"column":21}},{"start":{"line":10,"column":25},"end":{"line":10,"column":31}}]},"2":{"loc":{"start":{"line":11,"column":2},"end":{"line":11,"column":31}},"type":"binary-expr","locations":[{"start":{"line":11,"column":2},"end":{"line":11,"column":25}},{"start":{"line":11,"column":29},"end":{"line":11,"column":31}}]},"3":{"loc":{"start":{"line":13,"column":10},"end":{"line":13,"column":44}},"type":"binary-expr","locations":[{"start":{"line":13,"column":10},"end":{"line":13,"column":29}},{"start":{"line":13,"column":33},"end":{"line":13,"column":44}}]},"4":{"loc":{"start":{"line":15,"column":10},"end":{"line":15,"column":45}},"type":"binary-expr","locations":[{"start":{"line":15,"column":10},"end":{"line":15,"column":37}},{"start":{"line":15,"column":41},"end":{"line":15,"column":45}}]}},"s":{"0":1,"1":1,"2":1,"3":1,"4":1,"5":1,"6":1,"7":1,"8":1,"9":0,"10":1,"11":1},"f":{"0":1},"b":{"0":[1,0],"1":[1,0],"2":[1,0],"3":[1,0],"4":[1,0]}}
,"C:\\Users\\Hp\\Desktop\\LiderlikTablosuProjesi\\leaderboard-backend\\src\\config\\redis.ts": {"path":"C:\\Users\\Hp\\Desktop\\LiderlikTablosuProjesi\\leaderboard-backend\\src\\config\\redis.ts","statementMap":{"0":{"start":{"line":1,"column":0},"end":{"line":1,"column":37}},"1":{"start":{"line":2,"column":0},"end":{"line":2,"column":28}},"2":{"start":{"line":4,"column":0},"end":{"line":4,"column":16}},"3":{"start":{"line":7,"column":20},"end":{"line":14,"column":2}},"4":{"start":{"line":36,"column":9},"end":{"line":36,"column":20}},"5":{"start":{"line":17,"column":0},"end":{"line":19,"column":3}},"6":{"start":{"line":18,"column":2},"end":{"line":18,"column":48}},"7":{"start":{"line":22,"column":0},"end":{"line":24,"column":3}},"8":{"start":{"line":23,"column":2},"end":{"line":23,"column":36}},"9":{"start":{"line":27,"column":35},"end":{"line":34,"column":1}},"10":{"start":{"line":28,"column":2},"end":{"line":33,"column":3}},"11":{"start":{"line":29,"column":4},"end":{"line":29,"column":32}},"12":{"start":{"line":30,"column":4},"end":{"line":30,"column":49}},"13":{"start":{"line":32,"column":4},"end":{"line":32,"column":56}},"14":{"start":{"line":27,"column":13},"end":{"line":27,"column":35}}},"fnMap":{"0":{"name":"(anonymous_1)","decl":{"start":{"line":17,"column":24},"end":{"line":17,"column":25}},"loc":{"start":{"line":17,"column":32},"end":{"line":19,"column":1}}},"1":{"name":"(anonymous_2)","decl":{"start":{"line":22,"column":26},"end":{"line":22,"column":29}},"loc":{"start":{"line":22,"column":31},"end":{"line":24,"column":1}}},"2":{"name":"(anonymous_3)","decl":{"start":{"line":27,"column":35},"end":{"line":27,"column":40}},"loc":{"start":{"line":27,"column":46},"end":{"line":34,"column":1}}}},"branchMap":{"0":{"loc":{"start":{"line":9,"column":10},"end":{"line":9,"column":47}},"type":"binary-expr","locations":[{"start":{"line":9,"column":10},"end":{"line":9,"column":32}},{"start":{"line":9,"column":36},"end":{"line":9,"column":47}}]},"1":{"loc":{"start":{"line":10,"column":10},"end":{"line":10,"column":48}},"type":"binary-expr","locations":[{"start":{"line":10,"column":10},"end":{"line":10,"column":40}},{"start":{"line":10,"column":44},"end":{"line":10,"column":48}}]},"2":{"loc":{"start":{"line":12,"column":12},"end":{"line":12,"column":51}},"type":"binary-expr","locations":[{"start":{"line":12,"column":12},"end":{"line":12,"column":38}},{"start":{"line":12,"column":42},"end":{"line":12,"column":51}}]},"3":{"loc":{"start":{"line":13,"column":12},"end":{"line":13,"column":45}},"type":"binary-expr","locations":[{"start":{"line":13,"column":12},"end":{"line":13,"column":40}},{"start":{"line":13,"column":44},"end":{"line":13,"column":45}}]}},"s":{"0":1,"1":1,"2":1,"3":1,"4":1,"5":1,"6":0,"7":1,"8":1,"9":1,"10":1,"11":1,"12":1,"13":0,"14":1},"f":{"0":0,"1":1,"2":1},"b":{"0":[1,0],"1":[1,0],"2":[1,1],"3":[1,1]}}
,"C:\\Users\\Hp\\Desktop\\LiderlikTablosuProjesi\\leaderboard-backend\\src\\controllers\\leaderboardController.ts": {"path":"C:\\Users\\Hp\\Desktop\\LiderlikTablosuProjesi\\leaderboard-backend\\src\\controllers\\leaderboardController.ts","statementMap":{"0":{"start":{"line":2,"column":0},"end":{"line":2,"column":64}},"1":{"start":{"line":3,"column":0},"end":{"line":3,"column":53}},"2":{"start":{"line":7,"column":2},"end":{"line":33,"column":4}},"3":{"start":{"line":9,"column":37},"end":{"line":9,"column":45}},"4":{"start":{"line":12,"column":6},"end":{"line":17,"column":7}},"5":{"start":{"line":13,"column":8},"end":{"line":15,"column":69}},"6":{"start":{"line":16,"column":8},"end":{"line":16,"column":15}},"7":{"start":{"line":19,"column":6},"end":{"line":31,"column":7}},"8":{"start":{"line":20,"column":8},"end":{"line":22,"column":10}},"9":{"start":{"line":23,"column":8},"end":{"line":23,"column":68}},"10":{"start":{"line":24,"column":8},"end":{"line":24,"column":75}},"11":{"start":{"line":26,"column":8},"end":{"line":26,"column":57}},"12":{"start":{"line":27,"column":8},"end":{"line":30,"column":11}},"13":{"start":{"line":36,"column":2},"end":{"line":59,"column":4}},"14":{"start":{"line":38,"column":27},"end":{"line":38,"column":37}},"15":{"start":{"line":41,"column":6},"end":{"line":44,"column":7}},"16":{"start":{"line":42,"column":8},"end":{"line":42,"column":68}},"17":{"start":{"line":43,"column":8},"end":{"line":43,"column":15}},"18":{"start":{"line":46,"column":6},"end":{"line":57,"column":7}},"19":{"start":{"line":47,"column":8},"end":{"line":47,"column":70}},"20":{"start":{"line":49,"column":10},"end":{"line":49,"column":76}},"21":{"start":{"line":50,"column":8},"end":{"line":50,"column":46}},"22":{"start":{"line":52,"column":8},"end":{"line":52,"column":59}},"23":{"start":{"line":53,"column":8},"end":{"line":56,"column":11}},"24":{"start":{"line":62,"column":2},"end":{"line":77,"column":4}},"25":{"start":{"line":64,"column":6},"end":{"line":75,"column":7}},"26":{"start":{"line":65,"column":8},"end":{"line":65,"column":52}},"27":{"start":{"line":66,"column":8},"end":{"line":68,"column":11}},"28":{"start":{"line":70,"column":8},"end":{"line":70,"column":59}},"29":{"start":{"line":71,"column":8},"end":{"line":74,"column":11}},"30":{"start":{"line":83,"column":2},"end":{"line":96,"column":4}},"31":{"start":{"line":85,"column":6},"end":{"line":94,"column":7}},"32":{"start":{"line":86,"column":26},"end":{"line":86,"column":65}},"33":{"start":{"line":87,"column":8},"end":{"line":87,"column":44}},"34":{"start":{"line":89,"column":8},"end":{"line":89,"column":58}},"35":{"start":{"line":90,"column":8},"end":{"line":93,"column":11}},"36":{"start":{"line":99,"column":2},"end":{"line":124,"column":4}},"37":{"start":{"line":101,"column":21},"end":{"line":101,"column":31}},"38":{"start":{"line":104,"column":6},"end":{"line":107,"column":7}},"39":{"start":{"line":105,"column":8},"end":{"line":105,"column":68}},"40":{"start":{"line":106,"column":8},"end":{"line":106,"column":15}},"41":{"start":{"line":109,"column":6},"end":{"line":122,"column":7}},"42":{"start":{"line":110,"column":23},"end":{"line":110,"column":76}},"43":{"start":{"line":111,"column":8},"end":{"line":115,"column":9}},"44":{"start":{"line":112,"column":10},"end":{"line":112,"column":64}},"45":{"start":{"line":114,"column":10},"end":{"line":114,"column":39}},"46":{"start":{"line":117,"column":8},"end":{"line":117,"column":62}},"47":{"start":{"line":118,"column":8},"end":{"line":121,"column":11}},"48":{"start":{"line":127,"column":0},"end":{"line":127,"column":43}}},"fnMap":{"0":{"name":"(anonymous_1)","decl":{"start":{"line":5,"column":0},"end":{"line":5,"column":6}},"loc":{"start":{"line":5,"column":0},"end":{"line":125,"column":1}}},"1":{"name":"(anonymous_2)","decl":{"start":{"line":8,"column":4},"end":{"line":8,"column":9}},"loc":{"start":{"line":8,"column":57},"end":{"line":32,"column":5}}},"2":{"name":"(anonymous_3)","decl":{"start":{"line":37,"column":4},"end":{"line":37,"column":9}},"loc":{"start":{"line":37,"column":57},"end":{"line":58,"column":5}}},"3":{"name":"(anonymous_4)","decl":{"start":{"line":63,"column":4},"end":{"line":63,"column":9}},"loc":{"start":{"line":63,"column":58},"end":{"line":76,"column":5}}},"4":{"name":"(anonymous_5)","decl":{"start":{"line":84,"column":4},"end":{"line":84,"column":9}},"loc":{"start":{"line":84,"column":58},"end":{"line":95,"column":5}}},"5":{"name":"(anonymous_6)","decl":{"start":{"line":100,"column":4},"end":{"line":100,"column":9}},"loc":{"start":{"line":100,"column":57},"end":{"line":123,"column":5}}}},"branchMap":{"0":{"loc":{"start":{"line":12,"column":6},"end":{"line":17,"column":7}},"type":"if","locations":[{"start":{"line":12,"column":6},"end":{"line":17,"column":7}}]},"1":{"loc":{"start":{"line":12,"column":10},"end":{"line":12,"column":32}},"type":"binary-expr","locations":[{"start":{"line":12,"column":10},"end":{"line":12,"column":19}},{"start":{"line":12,"column":23},"end":{"line":12,"column":32}}]},"2":{"loc":{"start":{"line":29,"column":17},"end":{"line":29,"column":71}},"type":"cond-expr","locations":[{"start":{"line":29,"column":42},"end":{"line":29,"column":55}},{"start":{"line":29,"column":58},"end":{"line":29,"column":71}}]},"3":{"loc":{"start":{"line":41,"column":6},"end":{"line":44,"column":7}},"type":"if","locations":[{"start":{"line":41,"column":6},"end":{"line":44,"column":7}}]},"4":{"loc":{"start":{"line":55,"column":17},"end":{"line":55,"column":71}},"type":"cond-expr","locations":[{"start":{"line":55,"column":42},"end":{"line":55,"column":55}},{"start":{"line":55,"column":58},"end":{"line":55,"column":71}}]},"5":{"loc":{"start":{"line":73,"column":17},"end":{"line":73,"column":71}},"type":"cond-expr","locations":[{"start":{"line":73,"column":42},"end":{"line":73,"column":55}},{"start":{"line":73,"column":58},"end":{"line":73,"column":71}}]},"6":{"loc":{"start":{"line":92,"column":17},"end":{"line":92,"column":71}},"type":"cond-expr","locations":[{"start":{"line":92,"column":42},"end":{"line":92,"column":55}},{"start":{"line":92,"column":58},"end":{"line":92,"column":71}}]},"7":{"loc":{"start":{"line":104,"column":6},"end":{"line":107,"column":7}},"type":"if","locations":[{"start":{"line":104,"column":6},"end":{"line":107,"column":7}}]},"8":{"loc":{"start":{"line":111,"column":8},"end":{"line":115,"column":9}},"type":"if","locations":[{"start":{"line":111,"column":8},"end":{"line":115,"column":9}},{"start":{"line":113,"column":15},"end":{"line":115,"column":9}}]},"9":{"loc":{"start":{"line":120,"column":17},"end":{"line":120,"column":71}},"type":"cond-expr","locations":[{"start":{"line":120,"column":42},"end":{"line":120,"column":55}},{"start":{"line":120,"column":58},"end":{"line":120,"column":71}}]}},"s":{"0":1,"1":1,"2":1,"3":1,"4":1,"5":0,"6":0,"7":1,"8":1,"9":1,"10":1,"11":0,"12":0,"13":1,"14":1,"15":1,"16":0,"17":0,"18":1,"19":1,"20":1,"21":1,"22":0,"23":0,"24":1,"25":1,"26":1,"27":1,"28":0,"29":0,"30":1,"31":1,"32":1,"33":1,"34":0,"35":0,"36":1,"37":1,"38":1,"39":0,"40":0,"41":1,"42":1,"43":1,"44":0,"45":1,"46":0,"47":0,"48":1},"f":{"0":1,"1":1,"2":1,"3":1,"4":1,"5":1},"b":{"0":[0],"1":[1,1],"2":[0,0],"3":[0],"4":[0,0],"5":[0,0],"6":[0,0],"7":[0],"8":[0,1],"9":[0,0]}}
,"C:\\Users\\Hp\\Desktop\\LiderlikTablosuProjesi\\leaderboard-backend\\src\\models\\player.ts": {"path":"C:\\Users\\Hp\\Desktop\\LiderlikTablosuProjesi\\leaderboard-backend\\src\\models\\player.ts","statementMap":{"0":{"start":{"line":1,"column":0},"end":{"line":1,"column":45}},"1":{"start":{"line":2,"column":0},"end":{"line":2,"column":43}},"2":{"start":{"line":12,"column":0},"end":{"line":37,"column":2}},"3":{"start":{"line":39,"column":0},"end":{"line":39,"column":22}}},"fnMap":{},"branchMap":{},"s":{"0":1,"1":1,"2":1,"3":1},"f":{},"b":{}}
,"C:\\Users\\Hp\\Desktop\\LiderlikTablosuProjesi\\leaderboard-backend\\src\\repositories\\playerRepository.ts": {"path":"C:\\Users\\Hp\\Desktop\\LiderlikTablosuProjesi\\leaderboard-backend\\src\\repositories\\playerRepository.ts","statementMap":{"0":{"start":{"line":1,"column":0},"end":{"line":1,"column":38}},"1":{"start":{"line":2,"column":0},"end":{"line":2,"column":46}},"2":{"start":{"line":5,"column":10},"end":{"line":5,"column":48}},"3":{"start":{"line":9,"column":19},"end":{"line":9,"column":57}},"4":{"start":{"line":11,"column":4},"end":{"line":13,"column":7}},"5":{"start":{"line":14,"column":4},"end":{"line":14,"column":18}},"6":{"start":{"line":19,"column":4},"end":{"line":19,"column":37}},"7":{"start":{"line":24,"column":19},"end":{"line":24,"column":44}},"8":{"start":{"line":25,"column":4},"end":{"line":36,"column":5}},"9":{"start":{"line":27,"column":6},"end":{"line":27,"column":34}},"10":{"start":{"line":28,"column":6},"end":{"line":28,"column":26}},"11":{"start":{"line":31,"column":6},"end":{"line":35,"column":8}},"12":{"start":{"line":42,"column":4},"end":{"line":42,"column":56}},"13":{"start":{"line":45,"column":4},"end":{"line":45,"column":47}},"14":{"start":{"line":50,"column":25},"end":{"line":54,"column":null}},"15":{"start":{"line":57,"column":23},"end":{"line":58,"column":null}},"16":{"start":{"line":58,"column":31},"end":{"line":58,"column":58}},"17":{"start":{"line":61,"column":4},"end":{"line":61,"column":60}},"18":{"start":{"line":61,"column":36},"end":{"line":61,"column":46}},"19":{"start":{"line":68,"column":23},"end":{"line":70,"column":null}},"20":{"start":{"line":73,"column":4},"end":{"line":77,"column":5}},"21":{"start":{"line":74,"column":6},"end":{"line":76,"column":8}},"22":{"start":{"line":80,"column":33},"end":{"line":83,"column":null}},"23":{"start":{"line":86,"column":31},"end":{"line":87,"column":null}},"24":{"start":{"line":87,"column":39},"end":{"line":87,"column":66}},"25":{"start":{"line":90,"column":4},"end":{"line":95,"column":6}},"26":{"start":{"line":93,"column":15},"end":{"line":93,"column":25}},"27":{"start":{"line":99,"column":0},"end":{"line":99,"column":38}}},"fnMap":{"0":{"name":"(anonymous_1)","decl":{"start":{"line":4,"column":0},"end":{"line":4,"column":6}},"loc":{"start":{"line":4,"column":0},"end":{"line":97,"column":1}}},"1":{"name":"(anonymous_2)","decl":{"start":{"line":8,"column":2},"end":{"line":8,"column":7}},"loc":{"start":{"line":8,"column":50},"end":{"line":15,"column":3}}},"2":{"name":"(anonymous_3)","decl":{"start":{"line":18,"column":2},"end":{"line":18,"column":7}},"loc":{"start":{"line":18,"column":32},"end":{"line":20,"column":3}}},"3":{"name":"(anonymous_4)","decl":{"start":{"line":23,"column":2},"end":{"line":23,"column":7}},"loc":{"start":{"line":23,"column":57},"end":{"line":37,"column":3}}},"4":{"name":"(anonymous_5)","decl":{"start":{"line":40,"column":2},"end":{"line":40,"column":7}},"loc":{"start":{"line":40,"column":30},"end":{"line":46,"column":3}}},"5":{"name":"(anonymous_6)","decl":{"start":{"line":49,"column":2},"end":{"line":49,"column":7}},"loc":{"start":{"line":49,"column":35},"end":{"line":62,"column":3}}},"6":{"name":"(anonymous_7)","decl":{"start":{"line":58,"column":23},"end":{"line":58,"column":24}},"loc":{"start":{"line":58,"column":31},"end":{"line":58,"column":58}}},"7":{"name":"(anonymous_8)","decl":{"start":{"line":61,"column":29},"end":{"line":61,"column":30}},"loc":{"start":{"line":61,"column":36},"end":{"line":61,"column":46}}},"8":{"name":"(anonymous_9)","decl":{"start":{"line":65,"column":2},"end":{"line":65,"column":7}},"loc":{"start":{"line":66,"column":20},"end":{"line":96,"column":3}}},"9":{"name":"(anonymous_10)","decl":{"start":{"line":87,"column":31},"end":{"line":87,"column":32}},"loc":{"start":{"line":87,"column":39},"end":{"line":87,"column":66}}},"10":{"name":"(anonymous_11)","decl":{"start":{"line":93,"column":8},"end":{"line":93,"column":9}},"loc":{"start":{"line":93,"column":15},"end":{"line":93,"column":25}}}},"branchMap":{"0":{"loc":{"start":{"line":25,"column":4},"end":{"line":36,"column":5}},"type":"if","locations":[{"start":{"line":25,"column":4},"end":{"line":36,"column":5}}]},"1":{"loc":{"start":{"line":73,"column":4},"end":{"line":77,"column":5}},"type":"if","locations":[{"start":{"line":73,"column":4},"end":{"line":77,"column":5}}]}},"s":{"0":1,"1":1,"2":1,"3":0,"4":0,"5":0,"6":4,"7":0,"8":0,"9":0,"10":0,"11":0,"12":1,"13":1,"14":0,"15":0,"16":0,"17":0,"18":0,"19":0,"20":0,"21":0,"22":0,"23":0,"24":0,"25":0,"26":0,"27":1},"f":{"0":1,"1":0,"2":4,"3":0,"4":1,"5":0,"6":0,"7":0,"8":0,"9":0,"10":0},"b":{"0":[0],"1":[0]}}
,"C:\\Users\\Hp\\Desktop\\LiderlikTablosuProjesi\\leaderboard-backend\\src\\services\\leaderboardService.ts": {"path":"C:\\Users\\Hp\\Desktop\\LiderlikTablosuProjesi\\leaderboard-backend\\src\\services\\leaderboardService.ts","statementMap":{"0":{"start":{"line":1,"column":0},"end":{"line":1,"column":64}},"1":{"start":{"line":2,"column":0},"end":{"line":2,"column":46}},"2":{"start":{"line":4,"column":0},"end":{"line":4,"column":60}},"3":{"start":{"line":7,"column":10},"end":{"line":7,"column":48}},"4":{"start":{"line":8,"column":10},"end":{"line":8,"column":38}},"5":{"start":{"line":12,"column":4},"end":{"line":35,"column":5}},"6":{"start":{"line":13,"column":21},"end":{"line":13,"column":67}},"7":{"start":{"line":14,"column":6},"end":{"line":16,"column":7}},"8":{"start":{"line":15,"column":8},"end":{"line":15,"column":70}},"9":{"start":{"line":19,"column":6},"end":{"line":23,"column":8}},"10":{"start":{"line":26,"column":6},"end":{"line":26,"column":34}},"11":{"start":{"line":27,"column":6},"end":{"line":27,"column":26}},"12":{"start":{"line":30,"column":32},"end":{"line":30,"column":47}},"13":{"start":{"line":31,"column":6},"end":{"line":31,"column":74}},"14":{"start":{"line":33,"column":6},"end":{"line":33,"column":62}},"15":{"start":{"line":34,"column":6},"end":{"line":34,"column":18}},"16":{"start":{"line":48,"column":4},"end":{"line":104,"column":5}},"17":{"start":{"line":49,"column":25},"end":{"line":49,"column":46}},"18":{"start":{"line":50,"column":23},"end":{"line":50,"column":42}},"19":{"start":{"line":53,"column":27},"end":{"line":59,"column":null}},"20":{"start":{"line":62,"column":25},"end":{"line":64,"column":null}},"21":{"start":{"line":67,"column":6},"end":{"line":71,"column":7}},"22":{"start":{"line":68,"column":8},"end":{"line":70,"column":10}},"23":{"start":{"line":73,"column":43},"end":{"line":73,"column":45}},"24":{"start":{"line":74,"column":6},"end":{"line":83,"column":7}},"25":{"start":{"line":75,"column":8},"end":{"line":82,"column":10}},"26":{"start":{"line":85,"column":25},"end":{"line":86,"column":null}},"27":{"start":{"line":86,"column":33},"end":{"line":86,"column":75}},"28":{"start":{"line":88,"column":33},"end":{"line":91,"column":null}},"29":{"start":{"line":90,"column":10},"end":{"line":90,"column":52}},"30":{"start":{"line":94,"column":6},"end":{"line":100,"column":8}},"31":{"start":{"line":95,"column":45},"end":{"line":95,"column":55}},"32":{"start":{"line":97,"column":17},"end":{"line":97,"column":27}},"33":{"start":{"line":102,"column":6},"end":{"line":102,"column":57}},"34":{"start":{"line":103,"column":6},"end":{"line":103,"column":18}},"35":{"start":{"line":109,"column":4},"end":{"line":142,"column":5}},"36":{"start":{"line":110,"column":28},"end":{"line":113,"column":null}},"37":{"start":{"line":116,"column":29},"end":{"line":116,"column":69}},"38":{"start":{"line":118,"column":8},"end":{"line":118,"column":64}},"39":{"start":{"line":120,"column":32},"end":{"line":122,"column":null}},"40":{"start":{"line":125,"column":6},"end":{"line":134,"column":7}},"41":{"start":{"line":125,"column":19},"end":{"line":125,"column":20}},"42":{"start":{"line":126,"column":25},"end":{"line":126,"column":57}},"43":{"start":{"line":127,"column":22},"end":{"line":127,"column":42}},"44":{"start":{"line":128,"column":23},"end":{"line":128,"column":69}},"45":{"start":{"line":130,"column":8},"end":{"line":133,"column":9}},"46":{"start":{"line":131,"column":10},"end":{"line":131,"column":35}},"47":{"start":{"line":132,"column":10},"end":{"line":132,"column":30}},"48":{"start":{"line":136,"column":6},"end":{"line":136,"column":49}},"49":{"start":{"line":137,"column":6},"end":{"line":137,"column":52}},"50":{"start":{"line":138,"column":6},"end":{"line":138,"column":54}},"51":{"start":{"line":140,"column":6},"end":{"line":140,"column":57}},"52":{"start":{"line":141,"column":6},"end":{"line":141,"column":18}},"53":{"start":{"line":149,"column":4},"end":{"line":155,"column":5}},"54":{"start":{"line":150,"column":29},"end":{"line":150,"column":69}},"55":{"start":{"line":151,"column":6},"end":{"line":151,"column":70}},"56":{"start":{"line":153,"column":6},"end":{"line":153,"column":56}},"57":{"start":{"line":154,"column":6},"end":{"line":154,"column":18}},"58":{"start":{"line":160,"column":4},"end":{"line":165,"column":5}},"59":{"start":{"line":161,"column":6},"end":{"line":161,"column":60}},"60":{"start":{"line":163,"column":6},"end":{"line":163,"column":60}},"61":{"start":{"line":164,"column":6},"end":{"line":164,"column":18}},"62":{"start":{"line":169,"column":0},"end":{"line":169,"column":40}}},"fnMap":{"0":{"name":"(anonymous_1)","decl":{"start":{"line":6,"column":0},"end":{"line":6,"column":6}},"loc":{"start":{"line":6,"column":0},"end":{"line":167,"column":1}}},"1":{"name":"(anonymous_2)","decl":{"start":{"line":11,"column":2},"end":{"line":11,"column":7}},"loc":{"start":{"line":11,"column":57},"end":{"line":36,"column":3}}},"2":{"name":"(anonymous_3)","decl":{"start":{"line":39,"column":2},"end":{"line":39,"column":7}},"loc":{"start":{"line":42,"column":26},"end":{"line":105,"column":3}}},"3":{"name":"(anonymous_4)","decl":{"start":{"line":86,"column":25},"end":{"line":86,"column":26}},"loc":{"start":{"line":86,"column":33},"end":{"line":86,"column":75}}},"4":{"name":"(anonymous_5)","decl":{"start":{"line":89,"column":33},"end":{"line":89,"column":34}},"loc":{"start":{"line":90,"column":10},"end":{"line":90,"column":52}}},"5":{"name":"(anonymous_6)","decl":{"start":{"line":95,"column":38},"end":{"line":95,"column":39}},"loc":{"start":{"line":95,"column":45},"end":{"line":95,"column":55}}},"6":{"name":"(anonymous_7)","decl":{"start":{"line":97,"column":10},"end":{"line":97,"column":11}},"loc":{"start":{"line":97,"column":17},"end":{"line":97,"column":27}}},"7":{"name":"(anonymous_8)","decl":{"start":{"line":108,"column":2},"end":{"line":108,"column":7}},"loc":{"start":{"line":108,"column":24},"end":{"line":143,"column":3}}},"8":{"name":"(anonymous_9)","decl":{"start":{"line":148,"column":2},"end":{"line":148,"column":7}},"loc":{"start":{"line":148,"column":20},"end":{"line":156,"column":3}}},"9":{"name":"(anonymous_10)","decl":{"start":{"line":159,"column":2},"end":{"line":159,"column":7}},"loc":{"start":{"line":159,"column":41},"end":{"line":166,"column":3}}}},"branchMap":{"0":{"loc":{"start":{"line":14,"column":6},"end":{"line":16,"column":7}},"type":"if","locations":[{"start":{"line":14,"column":6},"end":{"line":16,"column":7}}]},"1":{"loc":{"start":{"line":41,"column":4},"end":{"line":41,"column":20}},"type":"default-arg","locations":[{"start":{"line":41,"column":19},"end":{"line":41,"column":20}}]},"2":{"loc":{"start":{"line":42,"column":4},"end":{"line":42,"column":26}},"type":"default-arg","locations":[{"start":{"line":42,"column":23},"end":{"line":42,"column":26}}]},"3":{"loc":{"start":{"line":67,"column":6},"end":{"line":71,"column":7}},"type":"if","locations":[{"start":{"line":67,"column":6},"end":{"line":71,"column":7}}]},"4":{"loc":{"start":{"line":74,"column":6},"end":{"line":83,"column":7}},"type":"if","locations":[{"start":{"line":74,"column":6},"end":{"line":83,"column":7}}]},"5":{"loc":{"start":{"line":118,"column":8},"end":{"line":118,"column":64}},"type":"cond-expr","locations":[{"start":{"line":118,"column":34},"end":{"line":118,"column":60}},{"start":{"line":118,"column":63},"end":{"line":118,"column":64}}]},"6":{"loc":{"start":{"line":130,"column":8},"end":{"line":133,"column":9}},"type":"if","locations":[{"start":{"line":130,"column":8},"end":{"line":133,"column":9}}]},"7":{"loc":{"start":{"line":151,"column":13},"end":{"line":151,"column":69}},"type":"cond-expr","locations":[{"start":{"line":151,"column":39},"end":{"line":151,"column":65}},{"start":{"line":151,"column":68},"end":{"line":151,"column":69}}]}},"s":{"0":1,"1":1,"2":1,"3":1,"4":1,"5":1,"6":1,"7":1,"8":0,"9":1,"10":1,"11":1,"12":1,"13":1,"14":0,"15":0,"16":1,"17":1,"18":1,"19":1,"20":1,"21":1,"22":0,"23":1,"24":1,"25":0,"26":1,"27":1,"28":1,"29":0,"30":1,"31":1,"32":0,"33":0,"34":0,"35":1,"36":1,"37":1,"38":1,"39":1,"40":1,"41":1,"42":1,"43":1,"44":1,"45":1,"46":1,"47":1,"48":1,"49":1,"50":1,"51":0,"52":0,"53":1,"54":1,"55":1,"56":0,"57":0,"58":1,"59":1,"60":0,"61":0,"62":1},"f":{"0":1,"1":1,"2":1,"3":1,"4":0,"5":1,"6":0,"7":1,"8":1,"9":1},"b":{"0":[0],"1":[1],"2":[1],"3":[0],"4":[0],"5":[1,0],"6":[1],"7":[1,0]}}
,"C:\\Users\\Hp\\Desktop\\LiderlikTablosuProjesi\\leaderboard-backend\\src\\utils\\asyncHandler.ts": {"path":"C:\\Users\\Hp\\Desktop\\LiderlikTablosuProjesi\\leaderboard-backend\\src\\utils\\asyncHandler.ts","statementMap":{"0":{"start":{"line":4,"column":2},"end":{"line":7,"column":3}},"1":{"start":{"line":5,"column":2},"end":{"line":7,"column":3}},"2":{"start":{"line":6,"column":4},"end":{"line":6,"column":35}},"3":{"start":{"line":3,"column":13},"end":{"line":3,"column":null}}},"fnMap":{"0":{"name":"(anonymous_0)","decl":{"start":{"line":4,"column":2},"end":{"line":4,"column":3}},"loc":{"start":{"line":5,"column":2},"end":{"line":7,"column":3}}},"1":{"name":"(anonymous_1)","decl":{"start":{"line":5,"column":2},"end":{"line":5,"column":3}},"loc":{"start":{"line":5,"column":54},"end":{"line":7,"column":3}}}},"branchMap":{},"s":{"0":1,"1":5,"2":5,"3":1},"f":{"0":5,"1":5},"b":{}}
,"C:\\Users\\Hp\\Desktop\\LiderlikTablosuProjesi\\leaderboard-backend\\src\\utils\\prizeDistribiton.ts": {"path":"C:\\Users\\Hp\\Desktop\\LiderlikTablosuProjesi\\leaderboard-backend\\src\\utils\\prizeDistribiton.ts","statementMap":{"0":{"start":{"line":1,"column":0},"end":{"line":1,"column":16}},"1":{"start":{"line":6,"column":2},"end":{"line":8,"column":3}},"2":{"start":{"line":7,"column":4},"end":{"line":7,"column":42}},"3":{"start":{"line":10,"column":28},"end":{"line":10,"column":58}},"4":{"start":{"line":13,"column":2},"end":{"line":13,"column":62}},"5":{"start":{"line":13,"column":23},"end":{"line":13,"column":62}},"6":{"start":{"line":14,"column":2},"end":{"line":14,"column":63}},"7":{"start":{"line":14,"column":23},"end":{"line":14,"column":63}},"8":{"start":{"line":15,"column":2},"end":{"line":15,"column":62}},"9":{"start":{"line":15,"column":23},"end":{"line":15,"column":62}},"10":{"start":{"line":18,"column":29},"end":{"line":18,"column":45}},"11":{"start":{"line":19,"column":31},"end":{"line":19,"column":59}},"12":{"start":{"line":22,"column":2},"end":{"line":27,"column":3}},"13":{"start":{"line":23,"column":27},"end":{"line":23,"column":68}},"14":{"start":{"line":24,"column":4},"end":{"line":26,"column":5}},"15":{"start":{"line":24,"column":17},"end":{"line":24,"column":18}},"16":{"start":{"line":25,"column":6},"end":{"line":25,"column":44}},"17":{"start":{"line":29,"column":2},"end":{"line":29,"column":27}}},"fnMap":{"0":{"name":"calculatePrizes","decl":{"start":{"line":1,"column":16},"end":{"line":1,"column":31}},"loc":{"start":{"line":3,"column":21},"end":{"line":30,"column":1}}}},"branchMap":{"0":{"loc":{"start":{"line":6,"column":2},"end":{"line":8,"column":3}},"type":"if","locations":[{"start":{"line":6,"column":2},"end":{"line":8,"column":3}}]},"1":{"loc":{"start":{"line":6,"column":6},"end":{"line":6,"column":40}},"type":"binary-expr","locations":[{"start":{"line":6,"column":6},"end":{"line":6,"column":20}},{"start":{"line":6,"column":24},"end":{"line":6,"column":40}}]},"2":{"loc":{"start":{"line":13,"column":2},"end":{"line":13,"column":62}},"type":"if","locations":[{"start":{"line":13,"column":2},"end":{"line":13,"column":62}}]},"3":{"loc":{"start":{"line":14,"column":2},"end":{"line":14,"column":63}},"type":"if","locations":[{"start":{"line":14,"column":2},"end":{"line":14,"column":63}}]},"4":{"loc":{"start":{"line":15,"column":2},"end":{"line":15,"column":62}},"type":"if","locations":[{"start":{"line":15,"column":2},"end":{"line":15,"column":62}}]},"5":{"loc":{"start":{"line":22,"column":2},"end":{"line":27,"column":3}},"type":"if","locations":[{"start":{"line":22,"column":2},"end":{"line":27,"column":3}}]}},"s":{"0":1,"1":1,"2":0,"3":1,"4":1,"5":1,"6":1,"7":0,"8":1,"9":0,"10":1,"11":1,"12":1,"13":0,"14":0,"15":0,"16":0,"17":1},"f":{"0":1},"b":{"0":[0],"1":[1,1],"2":[1],"3":[0],"4":[0],"5":[0]}}
}
