TN:
SF:src\app.ts
FN:12,(anonymous_1)
FN:37,(anonymous_2)
FNF:2
FNH:1
FNDA:1,(anonymous_1)
FNDA:0,(anonymous_2)
DA:1,1
DA:2,1
DA:3,1
DA:6,1
DA:12,1
DA:13,1
DA:14,1
DA:16,1
DA:19,1
DA:22,1
DA:28,1
DA:31,1
DA:34,1
DA:37,1
DA:38,0
DA:39,0
DA:44,1
DA:47,1
LF:18
LH:16
BRF:0
BRH:0
end_of_record
TN:
SF:src\config\database.ts
FN:21,(anonymous_1)
FNF:1
FNH:1
FNDA:1,(anonymous_1)
DA:1,1
DA:2,1
DA:5,1
DA:8,1
DA:21,1
DA:22,1
DA:23,1
DA:24,1
DA:27,1
DA:29,0
DA:33,1
LF:11
LH:10
BRDA:9,0,0,1
BRDA:9,0,1,0
BRDA:10,1,0,1
BRDA:10,1,1,0
BRDA:11,2,0,1
BRDA:11,2,1,0
BRDA:13,3,0,1
BRDA:13,3,1,0
BRDA:15,4,0,1
BRDA:15,4,1,0
BRF:10
BRH:5
end_of_record
TN:
SF:src\config\redis.ts
FN:17,(anonymous_1)
FN:22,(anonymous_2)
FN:27,(anonymous_3)
FNF:3
FNH:2
FNDA:0,(anonymous_1)
FNDA:1,(anonymous_2)
FNDA:1,(anonymous_3)
DA:1,1
DA:2,1
DA:4,1
DA:7,1
DA:17,1
DA:18,0
DA:22,1
DA:23,1
DA:27,1
DA:28,1
DA:29,1
DA:30,1
DA:32,0
DA:36,1
LF:14
LH:12
BRDA:9,0,0,1
BRDA:9,0,1,0
BRDA:10,1,0,1
BRDA:10,1,1,0
BRDA:12,2,0,1
BRDA:12,2,1,1
BRDA:13,3,0,1
BRDA:13,3,1,1
BRF:8
BRH:6
end_of_record
TN:
SF:src\controllers\leaderboardController.ts
FN:5,(anonymous_1)
FN:8,(anonymous_2)
FN:37,(anonymous_3)
FN:63,(anonymous_4)
FN:84,(anonymous_5)
FN:100,(anonymous_6)
FNF:6
FNH:6
FNDA:1,(anonymous_1)
FNDA:1,(anonymous_2)
FNDA:1,(anonymous_3)
FNDA:1,(anonymous_4)
FNDA:1,(anonymous_5)
FNDA:1,(anonymous_6)
DA:2,1
DA:3,1
DA:7,1
DA:9,1
DA:12,1
DA:13,0
DA:16,0
DA:19,1
DA:20,1
DA:23,1
DA:24,1
DA:26,0
DA:27,0
DA:36,1
DA:38,1
DA:41,1
DA:42,0
DA:43,0
DA:46,1
DA:47,1
DA:49,1
DA:50,1
DA:52,0
DA:53,0
DA:62,1
DA:64,1
DA:65,1
DA:66,1
DA:70,0
DA:71,0
DA:83,1
DA:85,1
DA:86,1
DA:87,1
DA:89,0
DA:90,0
DA:99,1
DA:101,1
DA:104,1
DA:105,0
DA:106,0
DA:109,1
DA:110,1
DA:111,1
DA:112,0
DA:114,1
DA:117,0
DA:118,0
DA:127,1
LF:49
LH:32
BRDA:12,0,0,0
BRDA:12,1,0,1
BRDA:12,1,1,1
BRDA:29,2,0,0
BRDA:29,2,1,0
BRDA:41,3,0,0
BRDA:55,4,0,0
BRDA:55,4,1,0
BRDA:73,5,0,0
BRDA:73,5,1,0
BRDA:92,6,0,0
BRDA:92,6,1,0
BRDA:104,7,0,0
BRDA:111,8,0,0
BRDA:111,8,1,1
BRDA:120,9,0,0
BRDA:120,9,1,0
BRF:17
BRH:3
end_of_record
TN:
SF:src\models\player.ts
FNF:0
FNH:0
DA:1,1
DA:2,1
DA:12,1
DA:39,1
LF:4
LH:4
BRF:0
BRH:0
end_of_record
TN:
SF:src\repositories\playerRepository.ts
FN:4,(anonymous_1)
FN:8,(anonymous_2)
FN:18,(anonymous_3)
FN:23,(anonymous_4)
FN:40,(anonymous_5)
FN:49,(anonymous_6)
FN:58,(anonymous_7)
FN:61,(anonymous_8)
FN:65,(anonymous_9)
FN:87,(anonymous_10)
FN:93,(anonymous_11)
FNF:11
FNH:3
FNDA:1,(anonymous_1)
FNDA:0,(anonymous_2)
FNDA:4,(anonymous_3)
FNDA:0,(anonymous_4)
FNDA:1,(anonymous_5)
FNDA:0,(anonymous_6)
FNDA:0,(anonymous_7)
FNDA:0,(anonymous_8)
FNDA:0,(anonymous_9)
FNDA:0,(anonymous_10)
FNDA:0,(anonymous_11)
DA:1,1
DA:2,1
DA:5,1
DA:9,0
DA:11,0
DA:14,0
DA:19,4
DA:24,0
DA:25,0
DA:27,0
DA:28,0
DA:31,0
DA:42,1
DA:45,1
DA:50,0
DA:57,0
DA:58,0
DA:61,0
DA:68,0
DA:73,0
DA:74,0
DA:80,0
DA:86,0
DA:87,0
DA:90,0
DA:93,0
DA:99,1
LF:27
LH:7
BRDA:25,0,0,0
BRDA:73,1,0,0
BRF:2
BRH:0
end_of_record
TN:
SF:src\services\leaderboardService.ts
FN:6,(anonymous_1)
FN:11,(anonymous_2)
FN:39,(anonymous_3)
FN:86,(anonymous_4)
FN:89,(anonymous_5)
FN:95,(anonymous_6)
FN:97,(anonymous_7)
FN:108,(anonymous_8)
FN:148,(anonymous_9)
FN:159,(anonymous_10)
FNF:10
FNH:8
FNDA:1,(anonymous_1)
FNDA:1,(anonymous_2)
FNDA:1,(anonymous_3)
FNDA:1,(anonymous_4)
FNDA:0,(anonymous_5)
FNDA:1,(anonymous_6)
FNDA:0,(anonymous_7)
FNDA:1,(anonymous_8)
FNDA:1,(anonymous_9)
FNDA:1,(anonymous_10)
DA:1,1
DA:2,1
DA:4,1
DA:7,1
DA:8,1
DA:12,1
DA:13,1
DA:14,1
DA:15,0
DA:19,1
DA:26,1
DA:27,1
DA:30,1
DA:31,1
DA:33,0
DA:34,0
DA:48,1
DA:49,1
DA:50,1
DA:53,1
DA:62,1
DA:67,1
DA:68,0
DA:73,1
DA:74,1
DA:75,0
DA:85,1
DA:86,1
DA:88,1
DA:90,0
DA:94,1
DA:95,1
DA:97,0
DA:102,0
DA:103,0
DA:109,1
DA:110,1
DA:116,1
DA:118,1
DA:120,1
DA:125,1
DA:126,1
DA:127,1
DA:128,1
DA:130,1
DA:131,1
DA:132,1
DA:136,1
DA:137,1
DA:138,1
DA:140,0
DA:141,0
DA:149,1
DA:150,1
DA:151,1
DA:153,0
DA:154,0
DA:160,1
DA:161,1
DA:163,0
DA:164,0
DA:169,1
LF:62
LH:47
BRDA:14,0,0,0
BRDA:41,1,0,1
BRDA:42,2,0,1
BRDA:67,3,0,0
BRDA:74,4,0,0
BRDA:118,5,0,1
BRDA:118,5,1,0
BRDA:130,6,0,1
BRDA:151,7,0,1
BRDA:151,7,1,0
BRF:10
BRH:5
end_of_record
TN:
SF:src\utils\asyncHandler.ts
FN:4,(anonymous_0)
FN:5,(anonymous_1)
FNF:2
FNH:2
FNDA:5,(anonymous_0)
FNDA:5,(anonymous_1)
DA:3,1
DA:4,1
DA:5,5
DA:6,5
LF:4
LH:4
BRF:0
BRH:0
end_of_record
TN:
SF:src\utils\prizeDistribiton.ts
FN:1,calculatePrizes
FNF:1
FNH:1
FNDA:1,calculatePrizes
DA:1,1
DA:6,1
DA:7,0
DA:10,1
DA:13,1
DA:14,1
DA:15,1
DA:18,1
DA:19,1
DA:22,1
DA:23,0
DA:24,0
DA:25,0
DA:29,1
LF:14
LH:10
BRDA:6,0,0,0
BRDA:6,1,0,1
BRDA:6,1,1,1
BRDA:13,2,0,1
BRDA:14,3,0,0
BRDA:15,4,0,0
BRDA:22,5,0,0
BRF:7
BRH:3
end_of_record
